<?xml version="1.0" encoding="UTF-8"?>
<!-- Generated by org.testng.reporters.JUnitXMLReporter -->
<testsuite ignored="0" hostname="LAPTOP-M1JCPL9M" failures="1" tests="1" name="Test" time="49.328" errors="0" timestamp="2024-06-18T14:35:04 IST">
  <testcase classname="proschool.test.LoginTest" name="loginToProSchool" time="2.839">
    <failure type="java.lang.AssertionError" message="Toast message text is not as expected expected [Login successful.] but found []">
      <![CDATA[java.lang.AssertionError: Toast message text is not as expected expected [Login successful.] but found []
at proschool.test.LoginTest.loginToProSchool(LoginTest.java:56)
at java.base/java.util.ArrayList.forEach(ArrayList.java:1511)
... Removed 32 stack frames]]>
    </failure>
  </testcase> <!-- loginToProSchool -->
</testsuite> <!-- Test -->
