<?xml version="1.0" encoding="UTF-8"?>
<testng-results ignored="0" total="1" passed="1" failed="0" skipped="0">
  <reporter-output>
  </reporter-output>
  <suite started-at="2024-06-18T14:43:15 IST" name="Default suite" finished-at="2024-06-18T14:43:43 IST" duration-ms="27789">
    <groups>
    </groups>
    <test started-at="2024-06-18T14:43:15 IST" name="Default test" finished-at="2024-06-18T14:43:43 IST" duration-ms="27789">
      <class name="proschool.test.LoginTest">
        <test-method is-config="true" signature="setUp()[pri:0, instance:proschool.test.LoginTest@13e344d]" started-at="2024-06-18T14:43:15 IST" name="setUp" finished-at="2024-06-18T14:43:33 IST" duration-ms="17893" status="PASS">
          <reporter-output>
          </reporter-output>
        </test-method> <!-- setUp -->
        <test-method signature="loginToProSchool()[pri:0, instance:proschool.test.LoginTest@13e344d]" started-at="2024-06-18T14:43:33 IST" name="loginToProSchool" finished-at="2024-06-18T14:43:37 IST" duration-ms="3929" status="PASS">
          <reporter-output>
          </reporter-output>
        </test-method> <!-- loginToProSchool -->
        <test-method is-config="true" signature="tearDown()[pri:0, instance:proschool.test.LoginTest@13e344d]" started-at="2024-06-18T14:43:37 IST" name="tearDown" finished-at="2024-06-18T14:43:43 IST" duration-ms="5911" status="PASS">
          <reporter-output>
          </reporter-output>
        </test-method> <!-- tearDown -->
      </class> <!-- proschool.test.LoginTest -->
    </test> <!-- Default test -->
  </suite> <!-- Default suite -->
</testng-results>
